2023-04-23 05:12:32,363 - CRITICAL - Tracking transceivers on the folowing bands:[[40], [20, 30, 80]]
2023-04-23 05:12:32,364 - CRITICAL - STARTING LOUDR
2023-04-23 05:16:14,163 - CRITICAL - Tracking transceivers on the folowing bands:[[40], [20, 30, 80]]
2023-04-23 05:16:14,166 - CRITICAL - STARTING LOUDR
2023-04-23 05:39:22,767 - CRITICAL - Tracking transceivers on the folowing bands:[[40], [20, 30, 80]]
2023-04-23 05:39:22,769 - CRITICAL - STARTING LOUDR
2023-04-23 05:40:00,119 - INFO - Wspr is wspring.
2023-04-23 05:40:00,255 - INFO - Wspr is wspring.
2023-04-23 05:44:03,534 - CRITICAL - Tracking transceivers on the folowing bands: {}[[40], [20, 30, 80]]
2023-04-23 05:44:03,537 - CRITICAL - STARTING LOUDR
2023-04-23 05:45:00,100 - INFO - Wspr is not wspring on the following band:
2023-04-23 05:45:00,236 - INFO - Wspr is not wspring on the following band:
2023-04-23 05:47:45,080 - CRITICAL - Tracking transceivers on the folowing bands: [[40], [20, 30, 80]]
2023-04-23 05:47:45,082 - CRITICAL - STARTING LOUDR
2023-04-23 05:53:42,640 - CRITICAL - Tracking transceivers on the folowing bands: [[40], [20, 30, 80]]
2023-04-23 05:53:42,643 - CRITICAL - STARTING LOUDR
2023-04-23 05:54:00,098 - INFO - Wspr is not wspring on the following band:
2023-04-23 05:54:00,098 - INFO - Notifying radio club system is offline.
2023-04-23 05:54:00,203 - CRITICAL - Pushed to user: 🚨❗URGENT: YOUR WSPR TRANSMITTER MAY BE DOWN. TIME SINCE LAST SUCCESSFUL UPLOAD TO SERVER: 0 HOURS 4 MINUTES. ❗🚨

You will be notified if an upload is detected again.

2023-04-23 05:54:00,243 - INFO - Wspr is not wspring on the following band:
2023-04-23 05:54:00,243 - INFO - Notifying radio club system is offline.
2023-04-23 05:54:00,413 - CRITICAL - Pushed to user: 🚨❗URGENT: YOUR WSPR TRANSMITTER MAY BE DOWN. TIME SINCE LAST SUCCESSFUL UPLOAD TO SERVER: 0 HOURS 2 MINUTES. ❗🚨

You will be notified if an upload is detected again.

