2023-04-13 00:28 : STARTING LOUDR
2023-04-13 00:29 : Wspr is wspring, will test it again in 1 hours: 54 minutes.
2023-04-13 00:29 : Last data transmission to the server was 2023-04-13 00:24 UTC. The time since last transmission is 0 hours: 5 minutes.
2023-04-13 02:24 : Wspr is wspring, will test it again in 1 hours: 57 minutes.
2023-04-13 02:24 : Last data transmission to the server was 2023-04-13 02:22 UTC. The time since last transmission is 0 hours: 2 minutes.
2023-04-13 04:22 : Wspr is wspring, will test it again in 1 hours: 57 minutes.
2023-04-13 04:22 : Last data transmission to the server was 2023-04-13 04:20 UTC. The time since last transmission is 0 hours: 2 minutes.
2023-04-13 06:20 : Wspr is wspring, will test it again in 1 hours: 57 minutes.
2023-04-13 06:20 : Last data transmission to the server was 2023-04-13 06:18 UTC. The time since last transmission is 0 hours: 2 minutes.
2023-04-13 08:18 : Wspr is wspring, will test it again in 1 hours: 58 minutes.
2023-04-13 08:18 : Last data transmission to the server was 2023-04-13 08:16 UTC. The time since last transmission is 0 hours: 2 minutes.
2023-04-13 10:16 : Wspr is wspring, will test it again in 1 hours: 58 minutes.
2023-04-13 10:16 : Last data transmission to the server was 2023-04-13 10:14 UTC. The time since last transmission is 0 hours: 2 minutes.
2023-04-13 12:14 : Wspr is wspring, will test it again in 1 hours: 57 minutes.
2023-04-13 12:14 : Last data transmission to the server was 2023-04-13 12:12 UTC. The time since last transmission is 0 hours: 2 minutes.
2023-04-13 14:12 : Wspr is wspring, will test it again in 1 hours: 58 minutes.
2023-04-13 14:12 : Last data transmission to the server was 2023-04-13 14:10 UTC. The time since last transmission is 0 hours: 2 minutes.
 : STARTING LOUDR
STARTING LOUDR
2023-04-13 14:56 : Wspr is wspring, will test it again in 20 hours: 0 minutes.
2023-04-13 14:56 : Last data transmission to the server was 2023-04-13 14:54 UTC. The time since last transmission is 0 hours: 2 minutes.
STARTING LOUDR
2023-04-13 14:58 : Wspr is wspring, will test it again in 2 hours: 0 minutes.
2023-04-13 14:58 : Last data transmission to the server was 2023-04-13 14:56 UTC. The time since last transmission is 0 hours: 2 minutes.
2023-04-13 16:58 : Wspr is wspring, will test it again in 2 hours: 0 minutes.
2023-04-13 16:58 : Last data transmission to the server was 2023-04-13 16:56 UTC. The time since last transmission is 0 hours: 2 minutes.
2023-04-13 18:58 : Wspr is wspring, will test it again in 1 hours: 56 minutes.
2023-04-13 18:58 : Last data transmission to the server was 2023-04-13 18:52 UTC. The time since last transmission is 0 hours: 6 minutes.
2023-04-13 20:54 : Wspr is wspring, will test it again in 1 hours: 53 minutes.
2023-04-13 20:54 : Last data transmission to the server was 2023-04-13 20:46 UTC. The time since last transmission is 0 hours: 8 minutes.
2023-04-13 22:48 : Wspr is wspring, will test it again in 2 hours: 0 minutes.
2023-04-13 22:48 : Last data transmission to the server was 2023-04-13 22:46 UTC. The time since last transmission is 0 hours: 2 minutes.
2023-04-14 00:48 : Wspr is wspring, will test it again in 0 hours: 11 minutes.
2023-04-14 00:48 : Last data transmission to the server was 2023-04-13 22:58 UTC. The time since last transmission is 1 hours: 50 minutes.
2023-04-14 01:00 : Wspr is not wspring.
2023-04-14 01:00 : Notifying radio club system is offline
{"status":1,"request":"0646e2e3-9bd8-465e-b452-3b5379bf7b39"}2023-04-14 01:00 : Last data transmission to the server was 2023-04-13 22:58 UTC. The time since last transmission is 2 hours: 2 minutes.
2023-04-14 01:02 : Wspr is not wspring.
2023-04-14 01:02 : Last data transmission to the server was 2023-04-13 22:58 UTC. The time since last transmission is 2 hours: 4 minutes.
2023-04-14 01:04 : Wspr is not wspring.
2023-04-14 01:04 : Last data transmission to the server was 2023-04-13 22:58 UTC. The time since last transmission is 2 hours: 6 minutes.
2023-04-14 01:06 : Wspr is not wspring.
2023-04-14 01:06 : Last data transmission to the server was 2023-04-13 22:58 UTC. The time since last transmission is 2 hours: 8 minutes.
2023-04-14 01:08 : Wspr is not wspring.
2023-04-14 01:08 : Last data transmission to the server was 2023-04-13 22:58 UTC. The time since last transmission is 2 hours: 10 minutes.
2023-04-14 01:10 : Wspr is not wspring.
2023-04-14 01:10 : Last data transmission to the server was 2023-04-13 22:58 UTC. The time since last transmission is 2 hours: 12 minutes.
2023-04-14 01:12 : Wspr is not wspring.
2023-04-14 01:12 : Last data transmission to the server was 2023-04-13 22:58 UTC. The time since last transmission is 2 hours: 14 minutes.
2023-04-14 01:14 : Wspr is not wspring.
2023-04-14 01:14 : Last data transmission to the server was 2023-04-13 22:58 UTC. The time since last transmission is 2 hours: 16 minutes.
2023-04-14 01:16 : Wspr is not wspring.
2023-04-14 01:16 : Last data transmission to the server was 2023-04-13 22:58 UTC. The time since last transmission is 2 hours: 18 minutes.
2023-04-14 01:18 : Wspr is wspring, will test it again in 1 hours: 59 minutes.
{"status":1,"request":"703d38f5-b049-4255-88ce-f3497c54cd0e"}2023-04-14 01:18 : Radio club notified system is back online.
2023-04-14 01:18 : Last data transmission to the server was 2023-04-14 01:16 UTC. The time since last transmission is 0 hours: 2 minutes.
2023-04-14 03:18 : Wspr is wspring, will test it again in 1 hours: 59 minutes.
2023-04-14 03:18 : Last data transmission to the server was 2023-04-14 03:16 UTC. The time since last transmission is 0 hours: 2 minutes.
2023-04-14 05:18 : Wspr is wspring, will test it again in 1 hours: 58 minutes.
2023-04-14 05:18 : Last data transmission to the server was 2023-04-14 05:14 UTC. The time since last transmission is 0 hours: 4 minutes.
2023-04-14 07:16 : Wspr is wspring, will test it again in 1 hours: 58 minutes.
2023-04-14 07:16 : Last data transmission to the server was 2023-04-14 07:12 UTC. The time since last transmission is 0 hours: 4 minutes.
2023-04-14 09:14 : Wspr is wspring, will test it again in 1 hours: 58 minutes.
2023-04-14 09:14 : Last data transmission to the server was 2023-04-14 09:10 UTC. The time since last transmission is 0 hours: 4 minutes.
2023-04-14 11:12 : Wspr is wspring, will test it again in 1 hours: 55 minutes.
2023-04-14 11:12 : Last data transmission to the server was 2023-04-14 11:06 UTC. The time since last transmission is 0 hours: 6 minutes.
2023-04-14 13:08 : Wspr is wspring, will test it again in 1 hours: 58 minutes.
2023-04-14 13:08 : Last data transmission to the server was 2023-04-14 13:04 UTC. The time since last transmission is 0 hours: 4 minutes.
2023-04-14 15:06 : Wspr is wspring, will test it again in 1 hours: 58 minutes.
2023-04-14 15:06 : Last data transmission to the server was 2023-04-14 15:02 UTC. The time since last transmission is 0 hours: 4 minutes.
2023-04-14 17:04 : Wspr is wspring, will test it again in 1 hours: 57 minutes.
2023-04-14 17:04 : Last data transmission to the server was 2023-04-14 17:00 UTC. The time since last transmission is 0 hours: 4 minutes.
2023-04-14 19:02 : Wspr is wspring, will test it again in 1 hours: 52 minutes.
2023-04-14 19:02 : Last data transmission to the server was 2023-04-14 18:52 UTC. The time since last transmission is 0 hours: 10 minutes.
2023-04-14 20:54 : Wspr is wspring, will test it again in 1 hours: 56 minutes.
2023-04-14 20:54 : Last data transmission to the server was 2023-04-14 20:48 UTC. The time since last transmission is 0 hours: 6 minutes.
2023-04-14 22:50 : Wspr is wspring, will test it again in 1 hours: 55 minutes.
2023-04-14 22:50 : Last data transmission to the server was 2023-04-14 22:44 UTC. The time since last transmission is 0 hours: 6 minutes.
2023-04-15 00:46 : Wspr is wspring, will test it again in 1 hours: 54 minutes.
2023-04-15 00:46 : Last data transmission to the server was 2023-04-15 00:38 UTC. The time since last transmission is 0 hours: 8 minutes.
2023-04-15 02:40 : Wspr is wspring, will test it again in 1 hours: 54 minutes.
2023-04-15 02:40 : Last data transmission to the server was 2023-04-15 02:32 UTC. The time since last transmission is 0 hours: 8 minutes.
2023-04-15 04:34 : Wspr is wspring, will test it again in 1 hours: 55 minutes.
2023-04-15 04:34 : Last data transmission to the server was 2023-04-15 04:28 UTC. The time since last transmission is 0 hours: 6 minutes.
2023-04-15 06:30 : Wspr is wspring, will test it again in 1 hours: 52 minutes.
2023-04-15 06:30 : Last data transmission to the server was 2023-04-15 06:20 UTC. The time since last transmission is 0 hours: 10 minutes.
2023-04-15 08:22 : Wspr is wspring, will test it again in 1 hours: 52 minutes.
2023-04-15 08:22 : Last data transmission to the server was 2023-04-15 08:12 UTC. The time since last transmission is 0 hours: 10 minutes.
2023-04-15 10:14 : Wspr is wspring, will test it again in 1 hours: 45 minutes.
2023-04-15 10:14 : Last data transmission to the server was 2023-04-15 09:58 UTC. The time since last transmission is 0 hours: 16 minutes.
2023-04-15 12:00 : Wspr is wspring, will test it again in 1 hours: 58 minutes.
2023-04-15 12:00 : Last data transmission to the server was 2023-04-15 11:56 UTC. The time since last transmission is 0 hours: 4 minutes.
2023-04-15 13:58 : Wspr is wspring, will test it again in 1 hours: 52 minutes.
2023-04-15 13:58 : Last data transmission to the server was 2023-04-15 13:48 UTC. The time since last transmission is 0 hours: 10 minutes.
2023-04-15 15:50 : Wspr is wspring, will test it again in 2 hours: 0 minutes.
2023-04-15 15:50 : Last data transmission to the server was 2023-04-15 15:48 UTC. The time since last transmission is 0 hours: 2 minutes.
2023-04-15 17:50 : Wspr is wspring, will test it again in 1 hours: 55 minutes.
2023-04-15 17:50 : Last data transmission to the server was 2023-04-15 17:44 UTC. The time since last transmission is 0 hours: 6 minutes.
2023-04-15 19:46 : Wspr is wspring, will test it again in 1 hours: 54 minutes.
2023-04-15 19:46 : Last data transmission to the server was 2023-04-15 19:38 UTC. The time since last transmission is 0 hours: 8 minutes.
2023-04-15 21:40 : Wspr is wspring, will test it again in 1 hours: 54 minutes.
2023-04-15 21:40 : Last data transmission to the server was 2023-04-15 21:32 UTC. The time since last transmission is 0 hours: 8 minutes.
2023-04-15 23:34 : Wspr is wspring, will test it again in 2 hours: 0 minutes.
2023-04-15 23:34 : Last data transmission to the server was 2023-04-15 23:32 UTC. The time since last transmission is 0 hours: 2 minutes.
2023-04-16 01:34 : Wspr is wspring, will test it again in 1 hours: 59 minutes.
2023-04-16 01:34 : Last data transmission to the server was 2023-04-16 01:32 UTC. The time since last transmission is 0 hours: 2 minutes.
2023-04-16 03:34 : Wspr is wspring, will test it again in 1 hours: 58 minutes.
2023-04-16 03:34 : Last data transmission to the server was 2023-04-16 03:30 UTC. The time since last transmission is 0 hours: 4 minutes.
2023-04-16 05:32 : Wspr is wspring, will test it again in 1 hours: 48 minutes.
2023-04-16 05:32 : Last data transmission to the server was 2023-04-16 05:18 UTC. The time since last transmission is 0 hours: 14 minutes.
2023-04-16 07:20 : Wspr is wspring, will test it again in 1 hours: 58 minutes.
2023-04-16 07:20 : Last data transmission to the server was 2023-04-16 07:16 UTC. The time since last transmission is 0 hours: 4 minutes.
2023-04-16 09:18 : Wspr is wspring, will test it again in 1 hours: 55 minutes.
2023-04-16 09:18 : Last data transmission to the server was 2023-04-16 09:12 UTC. The time since last transmission is 0 hours: 6 minutes.
2023-04-16 11:14 : Wspr is wspring, will test it again in 1 hours: 56 minutes.
2023-04-16 11:14 : Last data transmission to the server was 2023-04-16 11:08 UTC. The time since last transmission is 0 hours: 6 minutes.
2023-04-16 13:10 : Wspr is wspring, will test it again in 1 hours: 54 minutes.
2023-04-16 13:10 : Last data transmission to the server was 2023-04-16 13:02 UTC. The time since last transmission is 0 hours: 8 minutes.
2023-04-16 15:04 : Wspr is wspring, will test it again in 1 hours: 57 minutes.
2023-04-16 15:04 : Last data transmission to the server was 2023-04-16 15:00 UTC. The time since last transmission is 0 hours: 4 minutes.
2023-04-16 17:02 : Wspr is wspring, will test it again in 1 hours: 52 minutes.
2023-04-16 17:02 : Last data transmission to the server was 2023-04-16 16:52 UTC. The time since last transmission is 0 hours: 10 minutes.
2023-04-16 18:54 : Wspr is wspring, will test it again in 2 hours: 0 minutes.
2023-04-16 18:54 : Last data transmission to the server was 2023-04-16 18:52 UTC. The time since last transmission is 0 hours: 2 minutes.
2023-04-16 20:54 : Wspr is wspring, will test it again in 1 hours: 55 minutes.
2023-04-16 20:54 : Last data transmission to the server was 2023-04-16 20:48 UTC. The time since last transmission is 0 hours: 6 minutes.
2023-04-16 22:50 : Wspr is wspring, will test it again in 1 hours: 52 minutes.
2023-04-16 22:50 : Last data transmission to the server was 2023-04-16 22:40 UTC. The time since last transmission is 0 hours: 10 minutes.
2023-04-17 00:42 : Wspr is wspring, will test it again in 1 hours: 59 minutes.
2023-04-17 00:42 : Last data transmission to the server was 2023-04-17 00:40 UTC. The time since last transmission is 0 hours: 2 minutes.
2023-04-17 02:42 : Wspr is wspring, will test it again in 1 hours: 56 minutes.
2023-04-17 02:42 : Last data transmission to the server was 2023-04-17 02:36 UTC. The time since last transmission is 0 hours: 6 minutes.
2023-04-17 04:38 : Wspr is wspring, will test it again in 1 hours: 58 minutes.
2023-04-17 04:38 : Last data transmission to the server was 2023-04-17 04:34 UTC. The time since last transmission is 0 hours: 4 minutes.
2023-04-17 06:36 : Wspr is wspring, will test it again in 1 hours: 56 minutes.
2023-04-17 06:36 : Last data transmission to the server was 2023-04-17 06:30 UTC. The time since last transmission is 0 hours: 6 minutes.
2023-04-17 08:32 : Wspr is wspring, will test it again in 1 hours: 53 minutes.
2023-04-17 08:32 : Last data transmission to the server was 2023-04-17 08:24 UTC. The time since last transmission is 0 hours: 8 minutes.
2023-04-17 10:26 : Wspr is wspring, will test it again in 1 hours: 47 minutes.
2023-04-17 10:26 : Last data transmission to the server was 2023-04-17 10:12 UTC. The time since last transmission is 0 hours: 14 minutes.
2023-04-17 12:14 : Wspr is wspring, will test it again in 1 hours: 58 minutes.
2023-04-17 12:14 : Last data transmission to the server was 2023-04-17 12:10 UTC. The time since last transmission is 0 hours: 4 minutes.
2023-04-17 14:12 : Wspr is wspring, will test it again in 1 hours: 57 minutes.
2023-04-17 14:12 : Last data transmission to the server was 2023-04-17 14:08 UTC. The time since last transmission is 0 hours: 4 minutes.
2023-04-17 16:10 : Wspr is wspring, will test it again in 2 hours: 0 minutes.
2023-04-17 16:10 : Last data transmission to the server was 2023-04-17 16:08 UTC. The time since last transmission is 0 hours: 2 minutes.
2023-04-17 18:10 : Wspr is wspring, will test it again in 2 hours: 0 minutes.
2023-04-17 18:10 : Last data transmission to the server was 2023-04-17 18:08 UTC. The time since last transmission is 0 hours: 2 minutes.
